[2019-01-04T16:36:19.426] [ERROR] user-controller - { SequelizeEagerLoadingError: roles is associated to user using an alias. You must use the 'as' keyword to specify the alias within your include statement.
    at Function._getIncludedAssociation (D:\usr\ivan\Learn and Test\NodeJS-ExpressJS\Ticket Store\server\node_modules\sequelize\lib\model.js:591:17)
    at Function._validateIncludedElement (D:\usr\ivan\Learn and Test\NodeJS-ExpressJS\Ticket Store\server\node_modules\sequelize\lib\model.js:499:53)
    at options.include.options.include.map.include (D:\usr\ivan\Learn and Test\NodeJS-ExpressJS\Ticket Store\server\node_modules\sequelize\lib\model.js:395:37)
    at Array.map (<anonymous>)
    at Function._validateIncludedElements (D:\usr\ivan\Learn and Test\NodeJS-ExpressJS\Ticket Store\server\node_modules\sequelize\lib\model.js:390:39)
    at Promise.try.then.then (D:\usr\ivan\Learn and Test\NodeJS-ExpressJS\Ticket Store\server\node_modules\sequelize\lib\model.js:1570:14)
    at tryCatcher (D:\usr\ivan\Learn and Test\NodeJS-ExpressJS\Ticket Store\server\node_modules\bluebird\js\release\util.js:16:23)
    at Promise._settlePromiseFromHandler (D:\usr\ivan\Learn and Test\NodeJS-ExpressJS\Ticket Store\server\node_modules\bluebird\js\release\promise.js:512:31)
    at Promise._settlePromise (D:\usr\ivan\Learn and Test\NodeJS-ExpressJS\Ticket Store\server\node_modules\bluebird\js\release\promise.js:569:18)
    at Promise._settlePromise0 (D:\usr\ivan\Learn and Test\NodeJS-ExpressJS\Ticket Store\server\node_modules\bluebird\js\release\promise.js:614:10)
    at Promise._settlePromises (D:\usr\ivan\Learn and Test\NodeJS-ExpressJS\Ticket Store\server\node_modules\bluebird\js\release\promise.js:694:18)
    at _drainQueueStep (D:\usr\ivan\Learn and Test\NodeJS-ExpressJS\Ticket Store\server\node_modules\bluebird\js\release\async.js:138:12)
    at _drainQueue (D:\usr\ivan\Learn and Test\NodeJS-ExpressJS\Ticket Store\server\node_modules\bluebird\js\release\async.js:131:9)
    at Async._drainQueues (D:\usr\ivan\Learn and Test\NodeJS-ExpressJS\Ticket Store\server\node_modules\bluebird\js\release\async.js:147:5)
    at Immediate.Async.drainQueues [as _onImmediate] (D:\usr\ivan\Learn and Test\NodeJS-ExpressJS\Ticket Store\server\node_modules\bluebird\js\release\async.js:17:14)
    at runCallback (timers.js:705:18)
    at tryOnImmediate (timers.js:676:5)
    at processImmediate (timers.js:658:5) name: 'SequelizeEagerLoadingError' }
[2019-01-04T16:36:42.921] [ERROR] user-controller - { SequelizeEagerLoadingError: roles is associated to user using an alias. You must use the 'as' keyword to specify the alias within your include statement.
    at Function._getIncludedAssociation (D:\usr\ivan\Learn and Test\NodeJS-ExpressJS\Ticket Store\server\node_modules\sequelize\lib\model.js:591:17)
    at Function._validateIncludedElement (D:\usr\ivan\Learn and Test\NodeJS-ExpressJS\Ticket Store\server\node_modules\sequelize\lib\model.js:499:53)
    at options.include.options.include.map.include (D:\usr\ivan\Learn and Test\NodeJS-ExpressJS\Ticket Store\server\node_modules\sequelize\lib\model.js:395:37)
    at Array.map (<anonymous>)
    at Function._validateIncludedElements (D:\usr\ivan\Learn and Test\NodeJS-ExpressJS\Ticket Store\server\node_modules\sequelize\lib\model.js:390:39)
    at Promise.try.then.then (D:\usr\ivan\Learn and Test\NodeJS-ExpressJS\Ticket Store\server\node_modules\sequelize\lib\model.js:1570:14)
    at tryCatcher (D:\usr\ivan\Learn and Test\NodeJS-ExpressJS\Ticket Store\server\node_modules\bluebird\js\release\util.js:16:23)
    at Promise._settlePromiseFromHandler (D:\usr\ivan\Learn and Test\NodeJS-ExpressJS\Ticket Store\server\node_modules\bluebird\js\release\promise.js:512:31)
    at Promise._settlePromise (D:\usr\ivan\Learn and Test\NodeJS-ExpressJS\Ticket Store\server\node_modules\bluebird\js\release\promise.js:569:18)
    at Promise._settlePromise0 (D:\usr\ivan\Learn and Test\NodeJS-ExpressJS\Ticket Store\server\node_modules\bluebird\js\release\promise.js:614:10)
    at Promise._settlePromises (D:\usr\ivan\Learn and Test\NodeJS-ExpressJS\Ticket Store\server\node_modules\bluebird\js\release\promise.js:694:18)
    at _drainQueueStep (D:\usr\ivan\Learn and Test\NodeJS-ExpressJS\Ticket Store\server\node_modules\bluebird\js\release\async.js:138:12)
    at _drainQueue (D:\usr\ivan\Learn and Test\NodeJS-ExpressJS\Ticket Store\server\node_modules\bluebird\js\release\async.js:131:9)
    at Async._drainQueues (D:\usr\ivan\Learn and Test\NodeJS-ExpressJS\Ticket Store\server\node_modules\bluebird\js\release\async.js:147:5)
    at Immediate.Async.drainQueues [as _onImmediate] (D:\usr\ivan\Learn and Test\NodeJS-ExpressJS\Ticket Store\server\node_modules\bluebird\js\release\async.js:17:14)
    at runCallback (timers.js:705:18)
    at tryOnImmediate (timers.js:676:5)
    at processImmediate (timers.js:658:5) name: 'SequelizeEagerLoadingError' }
[2019-01-04T16:36:52.139] [ERROR] user-controller - { SequelizeEagerLoadingError: roles is associated to user using an alias. You must use the 'as' keyword to specify the alias within your include statement.
    at Function._getIncludedAssociation (D:\usr\ivan\Learn and Test\NodeJS-ExpressJS\Ticket Store\server\node_modules\sequelize\lib\model.js:591:17)
    at Function._validateIncludedElement (D:\usr\ivan\Learn and Test\NodeJS-ExpressJS\Ticket Store\server\node_modules\sequelize\lib\model.js:499:53)
    at options.include.options.include.map.include (D:\usr\ivan\Learn and Test\NodeJS-ExpressJS\Ticket Store\server\node_modules\sequelize\lib\model.js:395:37)
    at Array.map (<anonymous>)
    at Function._validateIncludedElements (D:\usr\ivan\Learn and Test\NodeJS-ExpressJS\Ticket Store\server\node_modules\sequelize\lib\model.js:390:39)
    at Promise.try.then.then (D:\usr\ivan\Learn and Test\NodeJS-ExpressJS\Ticket Store\server\node_modules\sequelize\lib\model.js:1570:14)
    at tryCatcher (D:\usr\ivan\Learn and Test\NodeJS-ExpressJS\Ticket Store\server\node_modules\bluebird\js\release\util.js:16:23)
    at Promise._settlePromiseFromHandler (D:\usr\ivan\Learn and Test\NodeJS-ExpressJS\Ticket Store\server\node_modules\bluebird\js\release\promise.js:512:31)
    at Promise._settlePromise (D:\usr\ivan\Learn and Test\NodeJS-ExpressJS\Ticket Store\server\node_modules\bluebird\js\release\promise.js:569:18)
    at Promise._settlePromise0 (D:\usr\ivan\Learn and Test\NodeJS-ExpressJS\Ticket Store\server\node_modules\bluebird\js\release\promise.js:614:10)
    at Promise._settlePromises (D:\usr\ivan\Learn and Test\NodeJS-ExpressJS\Ticket Store\server\node_modules\bluebird\js\release\promise.js:694:18)
    at _drainQueueStep (D:\usr\ivan\Learn and Test\NodeJS-ExpressJS\Ticket Store\server\node_modules\bluebird\js\release\async.js:138:12)
    at _drainQueue (D:\usr\ivan\Learn and Test\NodeJS-ExpressJS\Ticket Store\server\node_modules\bluebird\js\release\async.js:131:9)
    at Async._drainQueues (D:\usr\ivan\Learn and Test\NodeJS-ExpressJS\Ticket Store\server\node_modules\bluebird\js\release\async.js:147:5)
    at Immediate.Async.drainQueues [as _onImmediate] (D:\usr\ivan\Learn and Test\NodeJS-ExpressJS\Ticket Store\server\node_modules\bluebird\js\release\async.js:17:14)
    at runCallback (timers.js:705:18)
    at tryOnImmediate (timers.js:676:5)
    at processImmediate (timers.js:658:5) name: 'SequelizeEagerLoadingError' }
[2019-01-04T16:37:14.879] [ERROR] user-controller - { SequelizeEagerLoadingError: roles is associated to user using an alias. You must use the 'as' keyword to specify the alias within your include statement.
    at Function._getIncludedAssociation (D:\usr\ivan\Learn and Test\NodeJS-ExpressJS\Ticket Store\server\node_modules\sequelize\lib\model.js:591:17)
    at Function._validateIncludedElement (D:\usr\ivan\Learn and Test\NodeJS-ExpressJS\Ticket Store\server\node_modules\sequelize\lib\model.js:499:53)
    at options.include.options.include.map.include (D:\usr\ivan\Learn and Test\NodeJS-ExpressJS\Ticket Store\server\node_modules\sequelize\lib\model.js:395:37)
    at Array.map (<anonymous>)
    at Function._validateIncludedElements (D:\usr\ivan\Learn and Test\NodeJS-ExpressJS\Ticket Store\server\node_modules\sequelize\lib\model.js:390:39)
    at Promise.try.then.then (D:\usr\ivan\Learn and Test\NodeJS-ExpressJS\Ticket Store\server\node_modules\sequelize\lib\model.js:1570:14)
    at tryCatcher (D:\usr\ivan\Learn and Test\NodeJS-ExpressJS\Ticket Store\server\node_modules\bluebird\js\release\util.js:16:23)
    at Promise._settlePromiseFromHandler (D:\usr\ivan\Learn and Test\NodeJS-ExpressJS\Ticket Store\server\node_modules\bluebird\js\release\promise.js:512:31)
    at Promise._settlePromise (D:\usr\ivan\Learn and Test\NodeJS-ExpressJS\Ticket Store\server\node_modules\bluebird\js\release\promise.js:569:18)
    at Promise._settlePromise0 (D:\usr\ivan\Learn and Test\NodeJS-ExpressJS\Ticket Store\server\node_modules\bluebird\js\release\promise.js:614:10)
    at Promise._settlePromises (D:\usr\ivan\Learn and Test\NodeJS-ExpressJS\Ticket Store\server\node_modules\bluebird\js\release\promise.js:694:18)
    at _drainQueueStep (D:\usr\ivan\Learn and Test\NodeJS-ExpressJS\Ticket Store\server\node_modules\bluebird\js\release\async.js:138:12)
    at _drainQueue (D:\usr\ivan\Learn and Test\NodeJS-ExpressJS\Ticket Store\server\node_modules\bluebird\js\release\async.js:131:9)
    at Async._drainQueues (D:\usr\ivan\Learn and Test\NodeJS-ExpressJS\Ticket Store\server\node_modules\bluebird\js\release\async.js:147:5)
    at Immediate.Async.drainQueues [as _onImmediate] (D:\usr\ivan\Learn and Test\NodeJS-ExpressJS\Ticket Store\server\node_modules\bluebird\js\release\async.js:17:14)
    at runCallback (timers.js:705:18)
    at tryOnImmediate (timers.js:676:5)
    at processImmediate (timers.js:658:5) name: 'SequelizeEagerLoadingError' }
[2019-01-04T16:37:27.996] [ERROR] user-controller - { SequelizeEagerLoadingError: roles is associated to user using an alias. You must use the 'as' keyword to specify the alias within your include statement.
    at Function._getIncludedAssociation (D:\usr\ivan\Learn and Test\NodeJS-ExpressJS\Ticket Store\server\node_modules\sequelize\lib\model.js:591:17)
    at Function._validateIncludedElement (D:\usr\ivan\Learn and Test\NodeJS-ExpressJS\Ticket Store\server\node_modules\sequelize\lib\model.js:499:53)
    at options.include.options.include.map.include (D:\usr\ivan\Learn and Test\NodeJS-ExpressJS\Ticket Store\server\node_modules\sequelize\lib\model.js:395:37)
    at Array.map (<anonymous>)
    at Function._validateIncludedElements (D:\usr\ivan\Learn and Test\NodeJS-ExpressJS\Ticket Store\server\node_modules\sequelize\lib\model.js:390:39)
    at Promise.try.then.then (D:\usr\ivan\Learn and Test\NodeJS-ExpressJS\Ticket Store\server\node_modules\sequelize\lib\model.js:1570:14)
    at tryCatcher (D:\usr\ivan\Learn and Test\NodeJS-ExpressJS\Ticket Store\server\node_modules\bluebird\js\release\util.js:16:23)
    at Promise._settlePromiseFromHandler (D:\usr\ivan\Learn and Test\NodeJS-ExpressJS\Ticket Store\server\node_modules\bluebird\js\release\promise.js:512:31)
    at Promise._settlePromise (D:\usr\ivan\Learn and Test\NodeJS-ExpressJS\Ticket Store\server\node_modules\bluebird\js\release\promise.js:569:18)
    at Promise._settlePromise0 (D:\usr\ivan\Learn and Test\NodeJS-ExpressJS\Ticket Store\server\node_modules\bluebird\js\release\promise.js:614:10)
    at Promise._settlePromises (D:\usr\ivan\Learn and Test\NodeJS-ExpressJS\Ticket Store\server\node_modules\bluebird\js\release\promise.js:694:18)
    at _drainQueueStep (D:\usr\ivan\Learn and Test\NodeJS-ExpressJS\Ticket Store\server\node_modules\bluebird\js\release\async.js:138:12)
    at _drainQueue (D:\usr\ivan\Learn and Test\NodeJS-ExpressJS\Ticket Store\server\node_modules\bluebird\js\release\async.js:131:9)
    at Async._drainQueues (D:\usr\ivan\Learn and Test\NodeJS-ExpressJS\Ticket Store\server\node_modules\bluebird\js\release\async.js:147:5)
    at Immediate.Async.drainQueues [as _onImmediate] (D:\usr\ivan\Learn and Test\NodeJS-ExpressJS\Ticket Store\server\node_modules\bluebird\js\release\async.js:17:14)
    at runCallback (timers.js:705:18)
    at tryOnImmediate (timers.js:676:5)
    at processImmediate (timers.js:658:5) name: 'SequelizeEagerLoadingError' }
[2019-01-04T16:50:20.800] [ERROR] user-controller - { SequelizeEagerLoadingError: roles is associated to user using an alias. You must use the 'as' keyword to specify the alias within your include statement.
    at Function._getIncludedAssociation (D:\usr\ivan\Learn and Test\NodeJS-ExpressJS\Ticket Store\server\node_modules\sequelize\lib\model.js:591:17)
    at Function._validateIncludedElement (D:\usr\ivan\Learn and Test\NodeJS-ExpressJS\Ticket Store\server\node_modules\sequelize\lib\model.js:499:53)
    at options.include.options.include.map.include (D:\usr\ivan\Learn and Test\NodeJS-ExpressJS\Ticket Store\server\node_modules\sequelize\lib\model.js:395:37)
    at Array.map (<anonymous>)
    at Function._validateIncludedElements (D:\usr\ivan\Learn and Test\NodeJS-ExpressJS\Ticket Store\server\node_modules\sequelize\lib\model.js:390:39)
    at Promise.try.then.then (D:\usr\ivan\Learn and Test\NodeJS-ExpressJS\Ticket Store\server\node_modules\sequelize\lib\model.js:1570:14)
    at tryCatcher (D:\usr\ivan\Learn and Test\NodeJS-ExpressJS\Ticket Store\server\node_modules\bluebird\js\release\util.js:16:23)
    at Promise._settlePromiseFromHandler (D:\usr\ivan\Learn and Test\NodeJS-ExpressJS\Ticket Store\server\node_modules\bluebird\js\release\promise.js:512:31)
    at Promise._settlePromise (D:\usr\ivan\Learn and Test\NodeJS-ExpressJS\Ticket Store\server\node_modules\bluebird\js\release\promise.js:569:18)
    at Promise._settlePromise0 (D:\usr\ivan\Learn and Test\NodeJS-ExpressJS\Ticket Store\server\node_modules\bluebird\js\release\promise.js:614:10)
    at Promise._settlePromises (D:\usr\ivan\Learn and Test\NodeJS-ExpressJS\Ticket Store\server\node_modules\bluebird\js\release\promise.js:694:18)
    at _drainQueueStep (D:\usr\ivan\Learn and Test\NodeJS-ExpressJS\Ticket Store\server\node_modules\bluebird\js\release\async.js:138:12)
    at _drainQueue (D:\usr\ivan\Learn and Test\NodeJS-ExpressJS\Ticket Store\server\node_modules\bluebird\js\release\async.js:131:9)
    at Async._drainQueues (D:\usr\ivan\Learn and Test\NodeJS-ExpressJS\Ticket Store\server\node_modules\bluebird\js\release\async.js:147:5)
    at Immediate.Async.drainQueues [as _onImmediate] (D:\usr\ivan\Learn and Test\NodeJS-ExpressJS\Ticket Store\server\node_modules\bluebird\js\release\async.js:17:14)
    at runCallback (timers.js:705:18)
    at tryOnImmediate (timers.js:676:5)
    at processImmediate (timers.js:658:5) name: 'SequelizeEagerLoadingError' }
[2019-01-07T10:26:23.244] [ERROR] user-controller - TypeError: res.sentStatus is not a function
    at User.update.then.rows (D:\usr\ivan\Learn and Test\NodeJS-ExpressJS\Ticket Store\server\src\controllers\user-controller.js:199:21)
    at tryCatcher (D:\usr\ivan\Learn and Test\NodeJS-ExpressJS\Ticket Store\server\node_modules\bluebird\js\release\util.js:16:23)
    at Promise._settlePromiseFromHandler (D:\usr\ivan\Learn and Test\NodeJS-ExpressJS\Ticket Store\server\node_modules\bluebird\js\release\promise.js:512:31)
    at Promise._settlePromise (D:\usr\ivan\Learn and Test\NodeJS-ExpressJS\Ticket Store\server\node_modules\bluebird\js\release\promise.js:569:18)
    at Promise._settlePromise0 (D:\usr\ivan\Learn and Test\NodeJS-ExpressJS\Ticket Store\server\node_modules\bluebird\js\release\promise.js:614:10)
    at Promise._settlePromises (D:\usr\ivan\Learn and Test\NodeJS-ExpressJS\Ticket Store\server\node_modules\bluebird\js\release\promise.js:694:18)
    at _drainQueueStep (D:\usr\ivan\Learn and Test\NodeJS-ExpressJS\Ticket Store\server\node_modules\bluebird\js\release\async.js:138:12)
    at _drainQueue (D:\usr\ivan\Learn and Test\NodeJS-ExpressJS\Ticket Store\server\node_modules\bluebird\js\release\async.js:131:9)
    at Async._drainQueues (D:\usr\ivan\Learn and Test\NodeJS-ExpressJS\Ticket Store\server\node_modules\bluebird\js\release\async.js:147:5)
    at Immediate.Async.drainQueues [as _onImmediate] (D:\usr\ivan\Learn and Test\NodeJS-ExpressJS\Ticket Store\server\node_modules\bluebird\js\release\async.js:17:14)
    at runCallback (timers.js:705:18)
    at tryOnImmediate (timers.js:676:5)
    at processImmediate (timers.js:658:5)
[2019-01-07T10:27:57.839] [ERROR] user-controller - TypeError: res.sentStatus is not a function
    at User.update.then.rows (D:\usr\ivan\Learn and Test\NodeJS-ExpressJS\Ticket Store\server\src\controllers\user-controller.js:199:21)
    at tryCatcher (D:\usr\ivan\Learn and Test\NodeJS-ExpressJS\Ticket Store\server\node_modules\bluebird\js\release\util.js:16:23)
    at Promise._settlePromiseFromHandler (D:\usr\ivan\Learn and Test\NodeJS-ExpressJS\Ticket Store\server\node_modules\bluebird\js\release\promise.js:512:31)
    at Promise._settlePromise (D:\usr\ivan\Learn and Test\NodeJS-ExpressJS\Ticket Store\server\node_modules\bluebird\js\release\promise.js:569:18)
    at Promise._settlePromise0 (D:\usr\ivan\Learn and Test\NodeJS-ExpressJS\Ticket Store\server\node_modules\bluebird\js\release\promise.js:614:10)
    at Promise._settlePromises (D:\usr\ivan\Learn and Test\NodeJS-ExpressJS\Ticket Store\server\node_modules\bluebird\js\release\promise.js:694:18)
    at _drainQueueStep (D:\usr\ivan\Learn and Test\NodeJS-ExpressJS\Ticket Store\server\node_modules\bluebird\js\release\async.js:138:12)
    at _drainQueue (D:\usr\ivan\Learn and Test\NodeJS-ExpressJS\Ticket Store\server\node_modules\bluebird\js\release\async.js:131:9)
    at Async._drainQueues (D:\usr\ivan\Learn and Test\NodeJS-ExpressJS\Ticket Store\server\node_modules\bluebird\js\release\async.js:147:5)
    at Immediate.Async.drainQueues [as _onImmediate] (D:\usr\ivan\Learn and Test\NodeJS-ExpressJS\Ticket Store\server\node_modules\bluebird\js\release\async.js:17:14)
    at runCallback (timers.js:705:18)
    at tryOnImmediate (timers.js:676:5)
    at processImmediate (timers.js:658:5)
[2019-01-07T14:08:19.971] [ERROR] user-controller - Error: Invalid value { model: roles, as: 'role', attributes: [ 'id', 'role' ] }
    at Object.escape (D:\usr\ivan\Learn and Test\NodeJS-ExpressJS\Ticket Store\server\node_modules\sequelize\lib\sql-string.js:66:11)
    at Object.escape (D:\usr\ivan\Learn and Test\NodeJS-ExpressJS\Ticket Store\server\node_modules\sequelize\lib\dialects\abstract\query-generator.js:936:22)
    at _joinKeyValue.value.map.item (D:\usr\ivan\Learn and Test\NodeJS-ExpressJS\Ticket Store\server\node_modules\sequelize\lib\dialects\abstract\query-generator.js:2372:69)
    at Array.map (<anonymous>)
    at Object._whereParseSingleValueObject (D:\usr\ivan\Learn and Test\NodeJS-ExpressJS\Ticket Store\server\node_modules\sequelize\lib\dialects\abstract\query-generator.js:2372:52)
    at Object.whereItemQuery (D:\usr\ivan\Learn and Test\NodeJS-ExpressJS\Ticket Store\server\node_modules\sequelize\lib\dialects\abstract\query-generator.js:2130:19)
    at Utils.getComplexKeys.forEach.prop (D:\usr\ivan\Learn and Test\NodeJS-ExpressJS\Ticket Store\server\node_modules\sequelize\lib\dialects\abstract\query-generator.js:1997:25)
    at Array.forEach (<anonymous>)
    at Object.whereItemsQuery (D:\usr\ivan\Learn and Test\NodeJS-ExpressJS\Ticket Store\server\node_modules\sequelize\lib\dialects\abstract\query-generator.js:1995:35)
    at Object.getWhereConditions (D:\usr\ivan\Learn and Test\NodeJS-ExpressJS\Ticket Store\server\node_modules\sequelize\lib\dialects\abstract\query-generator.js:2459:19)
    at Object.selectQuery (D:\usr\ivan\Learn and Test\NodeJS-ExpressJS\Ticket Store\server\node_modules\sequelize\lib\dialects\abstract\query-generator.js:1143:28)
    at QueryInterface.select (D:\usr\ivan\Learn and Test\NodeJS-ExpressJS\Ticket Store\server\node_modules\sequelize\lib\query-interface.js:1105:27)
    at Promise.try.then.then.then (D:\usr\ivan\Learn and Test\NodeJS-ExpressJS\Ticket Store\server\node_modules\sequelize\lib\model.js:1598:34)
    at tryCatcher (D:\usr\ivan\Learn and Test\NodeJS-ExpressJS\Ticket Store\server\node_modules\bluebird\js\release\util.js:16:23)
    at Promise._settlePromiseFromHandler (D:\usr\ivan\Learn and Test\NodeJS-ExpressJS\Ticket Store\server\node_modules\bluebird\js\release\promise.js:512:31)
    at Promise._settlePromise (D:\usr\ivan\Learn and Test\NodeJS-ExpressJS\Ticket Store\server\node_modules\bluebird\js\release\promise.js:569:18)
    at Promise._settlePromise0 (D:\usr\ivan\Learn and Test\NodeJS-ExpressJS\Ticket Store\server\node_modules\bluebird\js\release\promise.js:614:10)
    at Promise._settlePromises (D:\usr\ivan\Learn and Test\NodeJS-ExpressJS\Ticket Store\server\node_modules\bluebird\js\release\promise.js:694:18)
    at _drainQueueStep (D:\usr\ivan\Learn and Test\NodeJS-ExpressJS\Ticket Store\server\node_modules\bluebird\js\release\async.js:138:12)
    at _drainQueue (D:\usr\ivan\Learn and Test\NodeJS-ExpressJS\Ticket Store\server\node_modules\bluebird\js\release\async.js:131:9)
    at Async._drainQueues (D:\usr\ivan\Learn and Test\NodeJS-ExpressJS\Ticket Store\server\node_modules\bluebird\js\release\async.js:147:5)
    at Immediate.Async.drainQueues [as _onImmediate] (D:\usr\ivan\Learn and Test\NodeJS-ExpressJS\Ticket Store\server\node_modules\bluebird\js\release\async.js:17:14)
[2019-01-07T14:12:58.081] [ERROR] user-controller - Error: Invalid value { model: roles, as: 'role', attributes: [ 'id', 'role' ] }
    at Object.escape (D:\usr\ivan\Learn and Test\NodeJS-ExpressJS\Ticket Store\server\node_modules\sequelize\lib\sql-string.js:66:11)
    at Object.escape (D:\usr\ivan\Learn and Test\NodeJS-ExpressJS\Ticket Store\server\node_modules\sequelize\lib\dialects\abstract\query-generator.js:936:22)
    at _joinKeyValue.value.map.item (D:\usr\ivan\Learn and Test\NodeJS-ExpressJS\Ticket Store\server\node_modules\sequelize\lib\dialects\abstract\query-generator.js:2372:69)
    at Array.map (<anonymous>)
    at Object._whereParseSingleValueObject (D:\usr\ivan\Learn and Test\NodeJS-ExpressJS\Ticket Store\server\node_modules\sequelize\lib\dialects\abstract\query-generator.js:2372:52)
    at Object.whereItemQuery (D:\usr\ivan\Learn and Test\NodeJS-ExpressJS\Ticket Store\server\node_modules\sequelize\lib\dialects\abstract\query-generator.js:2130:19)
    at Utils.getComplexKeys.forEach.prop (D:\usr\ivan\Learn and Test\NodeJS-ExpressJS\Ticket Store\server\node_modules\sequelize\lib\dialects\abstract\query-generator.js:1997:25)
    at Array.forEach (<anonymous>)
    at Object.whereItemsQuery (D:\usr\ivan\Learn and Test\NodeJS-ExpressJS\Ticket Store\server\node_modules\sequelize\lib\dialects\abstract\query-generator.js:1995:35)
    at Object.getWhereConditions (D:\usr\ivan\Learn and Test\NodeJS-ExpressJS\Ticket Store\server\node_modules\sequelize\lib\dialects\abstract\query-generator.js:2459:19)
    at Object.selectQuery (D:\usr\ivan\Learn and Test\NodeJS-ExpressJS\Ticket Store\server\node_modules\sequelize\lib\dialects\abstract\query-generator.js:1143:28)
    at QueryInterface.select (D:\usr\ivan\Learn and Test\NodeJS-ExpressJS\Ticket Store\server\node_modules\sequelize\lib\query-interface.js:1105:27)
    at Promise.try.then.then.then (D:\usr\ivan\Learn and Test\NodeJS-ExpressJS\Ticket Store\server\node_modules\sequelize\lib\model.js:1598:34)
    at tryCatcher (D:\usr\ivan\Learn and Test\NodeJS-ExpressJS\Ticket Store\server\node_modules\bluebird\js\release\util.js:16:23)
    at Promise._settlePromiseFromHandler (D:\usr\ivan\Learn and Test\NodeJS-ExpressJS\Ticket Store\server\node_modules\bluebird\js\release\promise.js:512:31)
    at Promise._settlePromise (D:\usr\ivan\Learn and Test\NodeJS-ExpressJS\Ticket Store\server\node_modules\bluebird\js\release\promise.js:569:18)
    at Promise._settlePromise0 (D:\usr\ivan\Learn and Test\NodeJS-ExpressJS\Ticket Store\server\node_modules\bluebird\js\release\promise.js:614:10)
    at Promise._settlePromises (D:\usr\ivan\Learn and Test\NodeJS-ExpressJS\Ticket Store\server\node_modules\bluebird\js\release\promise.js:694:18)
    at _drainQueueStep (D:\usr\ivan\Learn and Test\NodeJS-ExpressJS\Ticket Store\server\node_modules\bluebird\js\release\async.js:138:12)
    at _drainQueue (D:\usr\ivan\Learn and Test\NodeJS-ExpressJS\Ticket Store\server\node_modules\bluebird\js\release\async.js:131:9)
    at Async._drainQueues (D:\usr\ivan\Learn and Test\NodeJS-ExpressJS\Ticket Store\server\node_modules\bluebird\js\release\async.js:147:5)
    at Immediate.Async.drainQueues [as _onImmediate] (D:\usr\ivan\Learn and Test\NodeJS-ExpressJS\Ticket Store\server\node_modules\bluebird\js\release\async.js:17:14)
